0 info it worked if it ends with ok
1 verbose cli [ '/usr/local/Cellar/node5/5.12.0/bin/node',
1 verbose cli   '/usr/local/bin/npm',
1 verbose cli   'publish' ]
2 info using npm@3.8.6
3 info using node@v5.12.0
4 verbose publish [ '.' ]
5 silly cache add args [ '.', null ]
6 verbose cache add spec .
7 silly cache add parsed spec Result {
7 silly cache add   raw: '.',
7 silly cache add   scope: null,
7 silly cache add   name: null,
7 silly cache add   rawSpec: '.',
7 silly cache add   spec: '/Users/mprasanth/Sites/autogit',
7 silly cache add   type: 'directory' }
8 verbose addLocalDirectory /Users/mprasanth/.npm/autogit/1.0.0/package.tgz not in flight; packing
9 verbose correctMkdir /Users/mprasanth/.npm correctMkdir not in flight; initializing
10 info lifecycle autogit@1.0.0~prepublish: autogit@1.0.0
11 silly lifecycle autogit@1.0.0~prepublish: no script for prepublish, continuing
12 verbose tar pack [ '/Users/mprasanth/.npm/autogit/1.0.0/package.tgz',
12 verbose tar pack   '/Users/mprasanth/Sites/autogit' ]
13 verbose tarball /Users/mprasanth/.npm/autogit/1.0.0/package.tgz
14 verbose folder /Users/mprasanth/Sites/autogit
15 verbose addLocalTarball adding from inside cache /Users/mprasanth/.npm/autogit/1.0.0/package.tgz
16 verbose correctMkdir /Users/mprasanth/.npm correctMkdir not in flight; initializing
17 silly cache afterAdd autogit@1.0.0
18 verbose afterAdd /Users/mprasanth/.npm/autogit/1.0.0/package/package.json not in flight; writing
19 verbose correctMkdir /Users/mprasanth/.npm correctMkdir not in flight; initializing
20 verbose afterAdd /Users/mprasanth/.npm/autogit/1.0.0/package/package.json written
21 silly publish { name: 'autogit',
21 silly publish   version: '1.0.0',
21 silly publish   description: 'This script runs in the bash to automate general git operations.',
21 silly publish   main: 'autogit.sh',
21 silly publish   scripts: { test: 'autogit' },
21 silly publish   repository:
21 silly publish    { type: 'git',
21 silly publish      url: 'git+https://github.com/gitmurali/autogit.git' },
21 silly publish   keywords: [ 'autogit', 'git', 'git-cli', 'git', 'cli' ],
21 silly publish   author: { name: 'candy519.murali@gmail.com' },
21 silly publish   license: 'MIT',
21 silly publish   bugs: { url: 'https://github.com/gitmurali/autogit/issues' },
21 silly publish   homepage: 'https://github.com/gitmurali/autogit#readme',
21 silly publish   readme: '# autogit\nInteractive git on Command line in shell script\n',
21 silly publish   readmeFilename: 'README.md',
21 silly publish   gitHead: '98a6886c473059fcc9636fb16579c189bec693cd',
21 silly publish   _id: 'autogit@1.0.0',
21 silly publish   _shasum: 'fedaafa4bf3bf1eb0032847063db0fb5cbe214d7',
21 silly publish   _from: '.' }
22 verbose getPublishConfig undefined
23 silly mapToRegistry name autogit
24 silly mapToRegistry scope (from config) @npmmurali
25 silly mapToRegistry registry https://registry.npmjs.org/
26 silly mapToRegistry data Result {
26 silly mapToRegistry   raw: 'autogit',
26 silly mapToRegistry   scope: null,
26 silly mapToRegistry   name: 'autogit',
26 silly mapToRegistry   rawSpec: '',
26 silly mapToRegistry   spec: 'latest',
26 silly mapToRegistry   type: 'tag' }
27 silly mapToRegistry uri https://registry.npmjs.org/autogit
28 verbose publish registryBase https://registry.npmjs.org/
29 silly publish uploading /Users/mprasanth/.npm/autogit/1.0.0/package.tgz
30 verbose request uri https://registry.npmjs.org/autogit
31 verbose request sending authorization for write operation
32 info attempt registry request try #1 at 12:02:55 PM
33 verbose request using bearer token for auth
34 verbose request id 2edc90fa3cbb47ce
35 http request PUT https://registry.npmjs.org/autogit
36 http 403 https://registry.npmjs.org/autogit
37 verbose headers { 'content-type': 'application/json',
37 verbose headers   'cache-control': 'max-age=300',
37 verbose headers   'content-length': '101',
37 verbose headers   'accept-ranges': 'bytes',
37 verbose headers   date: 'Wed, 15 Mar 2017 12:02:55 GMT',
37 verbose headers   via: '1.1 varnish',
37 verbose headers   connection: 'keep-alive',
37 verbose headers   'x-served-by': 'cache-lcy1135-LCY',
37 verbose headers   'x-cache': 'MISS',
37 verbose headers   'x-cache-hits': '0',
37 verbose headers   'x-timer': 'S1489579375.127089,VS0,VE583',
37 verbose headers   vary: 'Accept-Encoding' }
38 verbose request invalidating /Users/mprasanth/.npm/registry.npmjs.org/autogit on PUT
39 error publish Failed PUT 403
40 verbose stack Error: you do not have permission to publish "autogit". Are you logged in as the correct user? : autogit
40 verbose stack     at makeError (/usr/local/lib/node_modules/npm/node_modules/npm-registry-client/lib/request.js:264:12)
40 verbose stack     at CachingRegistryClient.<anonymous> (/usr/local/lib/node_modules/npm/node_modules/npm-registry-client/lib/request.js:252:14)
40 verbose stack     at Request._callback (/usr/local/lib/node_modules/npm/node_modules/npm-registry-client/lib/request.js:172:14)
40 verbose stack     at Request.self.callback (/usr/local/lib/node_modules/npm/node_modules/request/request.js:199:22)
40 verbose stack     at emitTwo (events.js:100:13)
40 verbose stack     at Request.emit (events.js:185:7)
40 verbose stack     at Request.<anonymous> (/usr/local/lib/node_modules/npm/node_modules/request/request.js:1036:10)
40 verbose stack     at emitOne (events.js:95:20)
40 verbose stack     at Request.emit (events.js:182:7)
40 verbose stack     at IncomingMessage.<anonymous> (/usr/local/lib/node_modules/npm/node_modules/request/request.js:963:12)
41 verbose statusCode 403
42 verbose pkgid autogit
43 verbose cwd /Users/mprasanth/Sites/autogit
44 error Darwin 14.5.0
45 error argv "/usr/local/Cellar/node5/5.12.0/bin/node" "/usr/local/bin/npm" "publish"
46 error node v5.12.0
47 error npm  v3.8.6
48 error code E403
49 error you do not have permission to publish "autogit". Are you logged in as the correct user? : autogit
50 error If you need help, you may report this error at:
50 error     <https://github.com/npm/npm/issues>
51 verbose exit [ 1, true ]
